<?xml version="1.0" encoding="UTF-8"?>
<!-- Generated by org.testng.reporters.JUnitReportReporter -->
<testsuite hostname="DESKTOP-5FESB8K" failures="0" tests="9" name="test.TC_007BookHotelTest" time="202.643" errors="0" timestamp="2025-04-01T15:09:37 IST" skipped="0">
  <testcase classname="test.TC_007BookHotelTest" name="verifyHotelBooking" time="13.089"/>
  <testcase classname="test.TC_007BookHotelTest" name="verifyHotelBooking" time="28.938"/>
  <testcase classname="test.TC_007BookHotelTest" name="verifyHotelBooking" time="13.544"/>
  <testcase classname="test.TC_007BookHotelTest" name="verifyHotelBooking" time="34.910"/>
  <testcase classname="test.TC_007BookHotelTest" name="verifyHotelBooking" time="35.187"/>
  <testcase classname="test.TC_007BookHotelTest" name="verifyHotelBooking" time="37.006"/>
  <testcase classname="test.TC_007BookHotelTest" name="verifyHotelBooking" time="13.338"/>
  <testcase classname="test.TC_007BookHotelTest" name="verifyHotelBooking" time="12.815"/>
  <testcase classname="test.TC_007BookHotelTest" name="verifyHotelBooking" time="13.816"/>
</testsuite> <!-- test.TC_007BookHotelTest -->
