<?xml version="1.0" encoding="UTF-8"?>
<!-- Generated by org.testng.reporters.JUnitReportReporter -->
<testsuite hostname="DESKTOP-5FESB8K" failures="0" tests="7" name="test.TC_004SearchHotelTest" time="103.219" errors="0" timestamp="2025-04-01T15:09:37 IST" skipped="0">
  <testcase classname="test.TC_004SearchHotelTest" name="searchHotelTest" time="18.626"/>
  <testcase classname="test.TC_004SearchHotelTest" name="verifyButtonsClickabilityTest" time="8.732"/>
  <testcase classname="test.TC_004SearchHotelTest" name="searchHotelTest" time="9.838"/>
  <testcase classname="test.TC_004SearchHotelTest" name="searchHotelTest" time="10.344"/>
  <testcase classname="test.TC_004SearchHotelTest" name="searchHotelTest" time="10.730"/>
  <testcase classname="test.TC_004SearchHotelTest" name="searchHotelTest" time="11.894"/>
  <testcase classname="test.TC_004SearchHotelTest" name="searchHotelTest" time="33.055"/>
</testsuite> <!-- test.TC_004SearchHotelTest -->
