<?xml version="1.0" encoding="UTF-8"?>
<!-- Generated by org.testng.reporters.JUnitReportReporter -->
<testsuite hostname="DESKTOP-5FESB8K" failures="0" tests="6" name="test.TC_001HomePageTest" time="123.920" errors="0" timestamp="2025-04-01T15:09:37 IST" skipped="0">
  <testcase classname="test.TC_001HomePageTest" name="testLoginFunctionality" time="8.096"/>
  <testcase classname="test.TC_001HomePageTest" name="testElementsVisibility" time="8.197"/>
  <testcase classname="test.TC_001HomePageTest" name="testLoginFunctionality" time="7.629"/>
  <testcase classname="test.TC_001HomePageTest" name="testLoginFunctionality" time="29.814"/>
  <testcase classname="test.TC_001HomePageTest" name="testLoginFunctionality" time="7.978"/>
  <testcase classname="test.TC_001HomePageTest" name="testLoginFunctionality" time="62.206"/>
</testsuite> <!-- test.TC_001HomePageTest -->
