<?xml version="1.0" encoding="UTF-8"?>
<!-- Generated by org.testng.reporters.JUnitReportReporter -->
<testsuite hostname="DESKTOP-5FESB8K" failures="0" tests="7" name="test.TC_006BookedltineraryTest" time="271.120" errors="0" timestamp="2025-04-01T15:09:37 IST" skipped="0">
  <testcase classname="test.TC_006BookedltineraryTest" name="verifyNavigationToBookedItineraryPage" time="16.873"/>
  <testcase classname="test.TC_006BookedltineraryTest" name="verifyHeaderButtonsClickability" time="21.377"/>
  <testcase classname="test.TC_006BookedltineraryTest" name="verifySearchBookingWithValidBookingID" time="25.402"/>
  <testcase classname="test.TC_006BookedltineraryTest" name="verifySearchBookingWithInvalidBookingID" time="62.559"/>
  <testcase classname="test.TC_006BookedltineraryTest" name="verifyCancelSelectedBookingWithoutSelectingAny" time="49.659"/>
  <testcase classname="test.TC_006BookedltineraryTest" name="verifyCancelSelectedBookingSuccessfully" time="55.651"/>
  <testcase classname="test.TC_006BookedltineraryTest" name="verifyUnauthorizedAccess" time="39.599"/>
</testsuite> <!-- test.TC_006BookedltineraryTest -->
