<?xml version="1.0" encoding="UTF-8"?>
<!-- Generated by org.testng.reporters.JUnitReportReporter -->
<testsuite hostname="DESKTOP-5FESB8K" failures="0" tests="4" name="test.TC_002ForgetPasswordTest" time="69.653" errors="0" timestamp="2025-04-01T15:09:37 IST" skipped="0">
  <testcase classname="test.TC_002ForgetPasswordTest" name="testValidEmailForPasswordReset" time="15.154"/>
  <testcase classname="test.TC_002ForgetPasswordTest" name="testInvalidEmailForPasswordReset" time="12.129"/>
  <testcase classname="test.TC_002ForgetPasswordTest" name="testBlankEmailField" time="31.662"/>
  <testcase classname="test.TC_002ForgetPasswordTest" name="testClickBackToLogin" time="10.708"/>
</testsuite> <!-- test.TC_002ForgetPasswordTest -->
