<?xml version="1.0" encoding="UTF-8"?>
<!-- Generated by org.testng.reporters.JUnitReportReporter -->
<testsuite hostname="DESKTOP-5FESB8K" failures="0" tests="1" name="test.TC_008BookIngConfirmTest" time="25.822" errors="0" timestamp="2025-04-01T15:09:37 IST" skipped="0">
  <testcase classname="test.TC_008BookIngConfirmTest" name="verifyBookingConfirmation" time="25.822"/>
</testsuite> <!-- test.TC_008BookIngConfirmTest -->
