<?xml version="1.0" encoding="UTF-8"?>
<!-- Generated by org.testng.reporters.JUnitReportReporter -->
<testsuite hostname="DESKTOP-5FESB8K" failures="0" tests="5" name="test.TC_009ChangePasswordTest" time="120.381" errors="0" timestamp="2025-04-01T15:09:37 IST" skipped="0">
  <testcase classname="test.TC_009ChangePasswordTest" name="testChangePassword" time="32.114"/>
  <testcase classname="test.TC_009ChangePasswordTest" name="testChangePassword" time="11.308"/>
  <testcase classname="test.TC_009ChangePasswordTest" name="testChangePassword" time="32.084"/>
  <testcase classname="test.TC_009ChangePasswordTest" name="testChangePassword" time="34.026"/>
  <testcase classname="test.TC_009ChangePasswordTest" name="testChangePassword" time="10.849"/>
</testsuite> <!-- test.TC_009ChangePasswordTest -->
